<?xml version="1.0" encoding="UTF-8"?>
<!-- Generated by org.testng.reporters.JUnitXMLReporter -->
<testsuite ignored="0" hostname="LAPTOP-LN45122I" failures="0" tests="4" name="Default test" time="58.041" errors="0" timestamp="2021-08-25T11:24:17 IST">
  <testcase classname="testNG.DataProviderExcel" name="login" time="19.829"/>
  <testcase classname="testNG.DataProviderExcel" name="login" time="13.209"/>
  <testcase classname="testNG.DataProviderExcel" name="login" time="12.697"/>
  <testcase classname="testNG.DataProviderExcel" name="login" time="11.943"/>
</testsuite> <!-- Default test -->
