<?xml version="1.0" encoding="UTF-8"?>
<!-- Generated by org.testng.reporters.JUnitXMLReporter -->
<testsuite ignored="4" hostname="LAPTOP-LN45122I" failures="0" tests="4" name="TestNG" time="0.072" errors="0" timestamp="2021-08-16T11:54:24 IST">
  <testcase classname="testNG.groupingExample" name="moto1" time="0.014"/>
  <testcase classname="testNG.groupingExample" name="moto2" time="0.001"/>
  <testcase classname="testNG.groupingExample" name="vivo1" time="0.003"/>
  <testcase classname="testNG.groupingExample" name="vivo2" time="0.001"/>
  <testcase classname="testNG.groupingExample" name="apple1" time="0.0">
    <ignored/>
  </testcase> <!-- apple1 -->
  <testcase classname="testNG.groupingExample" name="lenova2" time="0.0">
    <ignored/>
  </testcase> <!-- lenova2 -->
  <testcase classname="testNG.groupingExample" name="apple2" time="0.0">
    <ignored/>
  </testcase> <!-- apple2 -->
  <testcase classname="testNG.groupingExample" name="lenova1" time="0.0">
    <ignored/>
  </testcase> <!-- lenova1 -->
</testsuite> <!-- TestNG -->
