<?xml version="1.0" encoding="UTF-8"?>
<testng-results ignored="0" total="4" passed="4" failed="0" skipped="0">
  <reporter-output>
  </reporter-output>
  <suite started-at="2021-08-17T11:59:19 IST" name="Default suite" finished-at="2021-08-17T11:59:59 IST" duration-ms="39243">
    <groups>
    </groups>
    <test started-at="2021-08-17T11:59:19 IST" name="Default test" finished-at="2021-08-17T11:59:59 IST" duration-ms="39243">
      <class name="testNG.dataProviderExample">
        <test-method signature="login(java.lang.String,java.lang.String)[pri:0, instance:testNG.dataProviderExample@75329a49]" started-at="2021-08-17T11:59:19 IST" name="login" data-provider="value" finished-at="2021-08-17T11:59:32 IST" duration-ms="13043" status="PASS">
          <params>
            <param index="0">
              <value>
                <![CDATA[Admin]]>
              </value>
            </param>
            <param index="1">
              <value>
                <![CDATA[admin123]]>
              </value>
            </param>
          </params>
          <reporter-output>
          </reporter-output>
        </test-method> <!-- login -->
        <test-method signature="login(java.lang.String,java.lang.String)[pri:0, instance:testNG.dataProviderExample@75329a49]" started-at="2021-08-17T11:59:32 IST" name="login" data-provider="value" finished-at="2021-08-17T11:59:41 IST" duration-ms="8890" status="PASS">
          <params>
            <param index="0">
              <value>
                <![CDATA[Admin]]>
              </value>
            </param>
            <param index="1">
              <value>
                <![CDATA[se1]]>
              </value>
            </param>
          </params>
          <reporter-output>
          </reporter-output>
        </test-method> <!-- login -->
        <test-method signature="login(java.lang.String,java.lang.String)[pri:0, instance:testNG.dataProviderExample@75329a49]" started-at="2021-08-17T11:59:41 IST" name="login" data-provider="value" finished-at="2021-08-17T11:59:50 IST" duration-ms="8435" status="PASS">
          <params>
            <param index="0">
              <value>
                <![CDATA[fr2]]>
              </value>
            </param>
            <param index="1">
              <value>
                <![CDATA[admin123]]>
              </value>
            </param>
          </params>
          <reporter-output>
          </reporter-output>
        </test-method> <!-- login -->
        <test-method signature="login(java.lang.String,java.lang.String)[pri:0, instance:testNG.dataProviderExample@75329a49]" started-at="2021-08-17T11:59:50 IST" name="login" data-provider="value" finished-at="2021-08-17T11:59:59 IST" duration-ms="8806" status="PASS">
          <params>
            <param index="0">
              <value>
                <![CDATA[de1]]>
              </value>
            </param>
            <param index="1">
              <value>
                <![CDATA[fe2]]>
              </value>
            </param>
          </params>
          <reporter-output>
          </reporter-output>
        </test-method> <!-- login -->
      </class> <!-- testNG.dataProviderExample -->
    </test> <!-- Default test -->
  </suite> <!-- Default suite -->
</testng-results>
